   1               		.file	"backlight.c"
   2               	__SP_H__ = 0x3e
   3               	__SP_L__ = 0x3d
   4               	__SREG__ = 0x3f
   5               	__tmp_reg__ = 0
   6               	__zero_reg__ = 1
   7               		.text
   8               	.Ltext0:
   9               		.cfi_sections	.debug_frame
  10               		.section	.text.backlight_init,"ax",@progbits
  11               	.global	backlight_init
  13               	backlight_init:
  14               	.LFB0:
  15               		.file 1 "./tmk_core/common/backlight.c"
   1:./tmk_core/common/backlight.c **** /*
   2:./tmk_core/common/backlight.c **** Copyright 2013 Mathias Andersson <wraul@dbox.se>
   3:./tmk_core/common/backlight.c **** 
   4:./tmk_core/common/backlight.c **** This program is free software: you can redistribute it and/or modify
   5:./tmk_core/common/backlight.c **** it under the terms of the GNU General Public License as published by
   6:./tmk_core/common/backlight.c **** the Free Software Foundation, either version 2 of the License, or
   7:./tmk_core/common/backlight.c **** (at your option) any later version.
   8:./tmk_core/common/backlight.c **** 
   9:./tmk_core/common/backlight.c **** This program is distributed in the hope that it will be useful,
  10:./tmk_core/common/backlight.c **** but WITHOUT ANY WARRANTY; without even the implied warranty of
  11:./tmk_core/common/backlight.c **** MERCHANTABILITY or FITNESS FOR A PARTICULAR PURPOSE.  See the
  12:./tmk_core/common/backlight.c **** GNU General Public License for more details.
  13:./tmk_core/common/backlight.c **** 
  14:./tmk_core/common/backlight.c **** You should have received a copy of the GNU General Public License
  15:./tmk_core/common/backlight.c **** along with this program.  If not, see <http://www.gnu.org/licenses/>.
  16:./tmk_core/common/backlight.c **** */
  17:./tmk_core/common/backlight.c **** 
  18:./tmk_core/common/backlight.c **** #include "backlight.h"
  19:./tmk_core/common/backlight.c **** #include "eeconfig.h"
  20:./tmk_core/common/backlight.c **** #include "debug.h"
  21:./tmk_core/common/backlight.c **** 
  22:./tmk_core/common/backlight.c **** backlight_config_t backlight_config;
  23:./tmk_core/common/backlight.c **** 
  24:./tmk_core/common/backlight.c **** void backlight_init(void)
  25:./tmk_core/common/backlight.c **** {
  16               		.loc 1 25 1 view -0
  17               		.cfi_startproc
  18               	/* prologue: function */
  19               	/* frame size = 0 */
  20               	/* stack size = 0 */
  21               	.L__stack_usage = 0
  26:./tmk_core/common/backlight.c ****     /* check signature */
  27:./tmk_core/common/backlight.c ****     if (!eeconfig_is_enabled()) {
  22               		.loc 1 27 5 view .LVU1
  23               		.loc 1 27 10 is_stmt 0 view .LVU2
  24 0000 0E94 0000 		call eeconfig_is_enabled
  25               	.LVL0:
  26               		.loc 1 27 8 view .LVU3
  27 0004 8111      		cpse r24,__zero_reg__
  28 0006 00C0      		rjmp .L2
  28:./tmk_core/common/backlight.c ****         eeconfig_init();
  29               		.loc 1 28 9 is_stmt 1 view .LVU4
  30 0008 0E94 0000 		call eeconfig_init
  31               	.LVL1:
  32               	.L2:
  29:./tmk_core/common/backlight.c ****     }
  30:./tmk_core/common/backlight.c ****     backlight_config.raw = eeconfig_read_backlight();
  33               		.loc 1 30 5 view .LVU5
  34               		.loc 1 30 28 is_stmt 0 view .LVU6
  35 000c 0E94 0000 		call eeconfig_read_backlight
  36               	.LVL2:
  37 0010 982F      		mov r25,r24
  38               		.loc 1 30 26 view .LVU7
  39 0012 8093 0000 		sts backlight_config,r24
  31:./tmk_core/common/backlight.c ****     backlight_set(backlight_config.enable ? backlight_config.level : 0);
  40               		.loc 1 31 5 is_stmt 1 view .LVU8
  41 0016 8170      		andi r24,lo8(1)
  42 0018 90FF      		sbrs r25,0
  43 001a 00C0      		rjmp .L3
  44               		.loc 1 31 61 is_stmt 0 discriminator 1 view .LVU9
  45 001c 892F      		mov r24,r25
  46 001e 8695      		lsr r24
  47               	.L3:
  48               		.loc 1 31 5 discriminator 4 view .LVU10
  49 0020 0C94 0000 		jmp backlight_set
  50               	.LVL3:
  51               		.cfi_endproc
  52               	.LFE0:
  54               		.section	.text.backlight_increase,"ax",@progbits
  55               	.global	backlight_increase
  57               	backlight_increase:
  58               	.LFB1:
  32:./tmk_core/common/backlight.c **** }
  33:./tmk_core/common/backlight.c **** 
  34:./tmk_core/common/backlight.c **** void backlight_increase(void)
  35:./tmk_core/common/backlight.c **** {
  59               		.loc 1 35 1 is_stmt 1 view -0
  60               		.cfi_startproc
  61               	/* prologue: function */
  62               	/* frame size = 0 */
  63               	/* stack size = 0 */
  64               	.L__stack_usage = 0
  36:./tmk_core/common/backlight.c ****     if(backlight_config.level < BACKLIGHT_LEVELS)
  65               		.loc 1 36 5 view .LVU12
  66               		.loc 1 36 24 is_stmt 0 view .LVU13
  67 0000 8091 0000 		lds r24,backlight_config
  68 0004 982F      		mov r25,r24
  69 0006 9695      		lsr r25
  70               		.loc 1 36 7 view .LVU14
  71 0008 8630      		cpi r24,lo8(6)
  72 000a 00F4      		brsh .L8
  37:./tmk_core/common/backlight.c ****     {
  38:./tmk_core/common/backlight.c ****         backlight_config.level++;
  73               		.loc 1 38 9 is_stmt 1 view .LVU15
  74               		.loc 1 38 31 is_stmt 0 view .LVU16
  75 000c 9F5F      		subi r25,lo8(-(1))
  76 000e 990F      		lsl r25
  77 0010 8170      		andi r24,lo8(1)
  78 0012 892B      		or r24,r25
  79 0014 8093 0000 		sts backlight_config,r24
  80               	.L8:
  39:./tmk_core/common/backlight.c ****     }
  40:./tmk_core/common/backlight.c ****     backlight_config.enable = 1;
  81               		.loc 1 40 5 is_stmt 1 view .LVU17
  82               		.loc 1 40 29 is_stmt 0 view .LVU18
  83 0018 8091 0000 		lds r24,backlight_config
  84 001c 8160      		ori r24,lo8(1<<0)
  85 001e 8093 0000 		sts backlight_config,r24
  41:./tmk_core/common/backlight.c ****     eeconfig_update_backlight(backlight_config.raw);
  86               		.loc 1 41 5 is_stmt 1 view .LVU19
  87 0022 0E94 0000 		call eeconfig_update_backlight
  88               	.LVL4:
  42:./tmk_core/common/backlight.c ****     dprintf("backlight increase: %u\n", backlight_config.level);
  89               		.loc 1 42 64 view .LVU20
  43:./tmk_core/common/backlight.c ****     backlight_set(backlight_config.level);
  90               		.loc 1 43 5 view .LVU21
  91               		.loc 1 43 35 is_stmt 0 view .LVU22
  92 0026 8091 0000 		lds r24,backlight_config
  93               		.loc 1 43 5 view .LVU23
  94 002a 8695      		lsr r24
  95 002c 0C94 0000 		jmp backlight_set
  96               	.LVL5:
  97               		.cfi_endproc
  98               	.LFE1:
 100               		.section	.text.backlight_decrease,"ax",@progbits
 101               	.global	backlight_decrease
 103               	backlight_decrease:
 104               	.LFB2:
  44:./tmk_core/common/backlight.c **** }
  45:./tmk_core/common/backlight.c **** 
  46:./tmk_core/common/backlight.c **** void backlight_decrease(void)
  47:./tmk_core/common/backlight.c **** {
 105               		.loc 1 47 1 is_stmt 1 view -0
 106               		.cfi_startproc
 107               	/* prologue: function */
 108               	/* frame size = 0 */
 109               	/* stack size = 0 */
 110               	.L__stack_usage = 0
  48:./tmk_core/common/backlight.c ****     if(backlight_config.level > 0)
 111               		.loc 1 48 5 view .LVU25
 112               		.loc 1 48 31 is_stmt 0 view .LVU26
 113 0000 8091 0000 		lds r24,backlight_config
 114 0004 982F      		mov r25,r24
 115 0006 9E7F      		andi r25,lo8(-2)
 116               		.loc 1 48 7 view .LVU27
 117 0008 01F0      		breq .L10
  49:./tmk_core/common/backlight.c ****     {
  50:./tmk_core/common/backlight.c ****         backlight_config.level--;
 118               		.loc 1 50 9 is_stmt 1 view .LVU28
 119               		.loc 1 50 31 is_stmt 0 view .LVU29
 120 000a 8250      		subi r24,lo8(-(-2))
 121 000c 8093 0000 		sts backlight_config,r24
  51:./tmk_core/common/backlight.c ****         backlight_config.enable = !!backlight_config.level;
 122               		.loc 1 51 9 is_stmt 1 view .LVU30
 123               		.loc 1 51 35 is_stmt 0 view .LVU31
 124 0010 8E7F      		andi r24,lo8(-2)
 125 0012 91E0      		ldi r25,lo8(1)
 126 0014 01F4      		brne .L11
 127 0016 90E0      		ldi r25,0
 128               	.L11:
 129               		.loc 1 51 33 view .LVU32
 130 0018 8091 0000 		lds r24,backlight_config
 131 001c 90FB      		bst r25,0
 132 001e 80F9      		bld r24,0
 133 0020 8093 0000 		sts backlight_config,r24
  52:./tmk_core/common/backlight.c ****         eeconfig_update_backlight(backlight_config.raw);
 134               		.loc 1 52 9 is_stmt 1 view .LVU33
 135 0024 0E94 0000 		call eeconfig_update_backlight
 136               	.LVL6:
 137               	.L10:
  53:./tmk_core/common/backlight.c ****     }
  54:./tmk_core/common/backlight.c ****     dprintf("backlight decrease: %u\n", backlight_config.level);
 138               		.loc 1 54 64 view .LVU34
  55:./tmk_core/common/backlight.c ****     backlight_set(backlight_config.level);
 139               		.loc 1 55 5 view .LVU35
 140               		.loc 1 55 35 is_stmt 0 view .LVU36
 141 0028 8091 0000 		lds r24,backlight_config
 142               		.loc 1 55 5 view .LVU37
 143 002c 8695      		lsr r24
 144 002e 0C94 0000 		jmp backlight_set
 145               	.LVL7:
 146               		.cfi_endproc
 147               	.LFE2:
 149               		.section	.text.backlight_toggle,"ax",@progbits
 150               	.global	backlight_toggle
 152               	backlight_toggle:
 153               	.LFB3:
  56:./tmk_core/common/backlight.c **** }
  57:./tmk_core/common/backlight.c **** 
  58:./tmk_core/common/backlight.c **** void backlight_toggle(void)
  59:./tmk_core/common/backlight.c **** {
 154               		.loc 1 59 1 is_stmt 1 view -0
 155               		.cfi_startproc
 156               	/* prologue: function */
 157               	/* frame size = 0 */
 158               	/* stack size = 0 */
 159               	.L__stack_usage = 0
  60:./tmk_core/common/backlight.c ****     backlight_config.enable ^= 1;
 160               		.loc 1 60 5 view .LVU39
 161               		.loc 1 60 29 is_stmt 0 view .LVU40
 162 0000 9091 0000 		lds r25,backlight_config
 163 0004 892F      		mov r24,r25
 164 0006 8E7F      		andi r24,~(1<<0)
 165 0008 90FF      		sbrs r25,0
 166 000a 8160      		ori r24,1<<0
 167 000c 8093 0000 		sts backlight_config,r24
  61:./tmk_core/common/backlight.c ****     eeconfig_update_backlight(backlight_config.raw);
 168               		.loc 1 61 5 is_stmt 1 view .LVU41
 169 0010 0E94 0000 		call eeconfig_update_backlight
 170               	.LVL8:
  62:./tmk_core/common/backlight.c ****     dprintf("backlight toggle: %u\n", backlight_config.enable);
 171               		.loc 1 62 63 view .LVU42
  63:./tmk_core/common/backlight.c ****     backlight_set(backlight_config.enable ? backlight_config.level : 0);
 172               		.loc 1 63 5 view .LVU43
 173               		.loc 1 63 43 is_stmt 0 view .LVU44
 174 0014 9091 0000 		lds r25,backlight_config
 175               		.loc 1 63 5 view .LVU45
 176 0018 892F      		mov r24,r25
 177 001a 8170      		andi r24,lo8(1)
 178 001c 90FF      		sbrs r25,0
 179 001e 00C0      		rjmp .L16
 180               		.loc 1 63 61 discriminator 1 view .LVU46
 181 0020 892F      		mov r24,r25
 182 0022 8695      		lsr r24
 183               	.L16:
 184               		.loc 1 63 5 discriminator 4 view .LVU47
 185 0024 0C94 0000 		jmp backlight_set
 186               	.LVL9:
 187               		.cfi_endproc
 188               	.LFE3:
 190               		.section	.text.backlight_step,"ax",@progbits
 191               	.global	backlight_step
 193               	backlight_step:
 194               	.LFB4:
  64:./tmk_core/common/backlight.c **** }
  65:./tmk_core/common/backlight.c **** 
  66:./tmk_core/common/backlight.c **** void backlight_step(void)
  67:./tmk_core/common/backlight.c **** {
 195               		.loc 1 67 1 is_stmt 1 view -0
 196               		.cfi_startproc
 197               	/* prologue: function */
 198               	/* frame size = 0 */
 199               	/* stack size = 0 */
 200               	.L__stack_usage = 0
  68:./tmk_core/common/backlight.c ****     backlight_config.level++;
 201               		.loc 1 68 5 view .LVU49
 202               		.loc 1 68 21 is_stmt 0 view .LVU50
 203 0000 9091 0000 		lds r25,backlight_config
 204 0004 892F      		mov r24,r25
 205 0006 8695      		lsr r24
 206               		.loc 1 68 27 view .LVU51
 207 0008 8F5F      		subi r24,lo8(-(1))
 208 000a 8F77      		andi r24,lo8(127)
  69:./tmk_core/common/backlight.c ****     if(backlight_config.level > BACKLIGHT_LEVELS)
 209               		.loc 1 69 5 is_stmt 1 view .LVU52
 210 000c 9170      		andi r25,lo8(1)
 211               		.loc 1 69 7 is_stmt 0 view .LVU53
 212 000e 8430      		cpi r24,lo8(4)
 213 0010 00F4      		brsh .L21
  68:./tmk_core/common/backlight.c ****     backlight_config.level++;
 214               		.loc 1 68 27 view .LVU54
 215 0012 880F      		lsl r24
 216 0014 892B      		or r24,r25
 217 0016 8093 0000 		sts backlight_config,r24
 218               	.L22:
  70:./tmk_core/common/backlight.c ****     {
  71:./tmk_core/common/backlight.c ****         backlight_config.level = 0;
  72:./tmk_core/common/backlight.c ****     }
  73:./tmk_core/common/backlight.c ****     backlight_config.enable = !!backlight_config.level;
 219               		.loc 1 73 5 is_stmt 1 view .LVU55
 220               		.loc 1 73 31 is_stmt 0 view .LVU56
 221 001a 8091 0000 		lds r24,backlight_config
 222 001e 8E7F      		andi r24,lo8(-2)
 223 0020 91E0      		ldi r25,lo8(1)
 224 0022 01F4      		brne .L23
 225 0024 90E0      		ldi r25,0
 226               	.L23:
 227               		.loc 1 73 29 view .LVU57
 228 0026 8091 0000 		lds r24,backlight_config
 229 002a 90FB      		bst r25,0
 230 002c 80F9      		bld r24,0
 231 002e 8093 0000 		sts backlight_config,r24
  74:./tmk_core/common/backlight.c ****     eeconfig_update_backlight(backlight_config.raw);
 232               		.loc 1 74 5 is_stmt 1 view .LVU58
 233 0032 0E94 0000 		call eeconfig_update_backlight
 234               	.LVL10:
  75:./tmk_core/common/backlight.c ****     dprintf("backlight step: %u\n", backlight_config.level);
 235               		.loc 1 75 60 view .LVU59
  76:./tmk_core/common/backlight.c ****     backlight_set(backlight_config.level);
 236               		.loc 1 76 5 view .LVU60
 237               		.loc 1 76 35 is_stmt 0 view .LVU61
 238 0036 8091 0000 		lds r24,backlight_config
 239               		.loc 1 76 5 view .LVU62
 240 003a 8695      		lsr r24
 241 003c 0C94 0000 		jmp backlight_set
 242               	.LVL11:
 243               	.L21:
  71:./tmk_core/common/backlight.c ****     }
 244               		.loc 1 71 9 is_stmt 1 view .LVU63
  71:./tmk_core/common/backlight.c ****     }
 245               		.loc 1 71 32 is_stmt 0 view .LVU64
 246 0040 9093 0000 		sts backlight_config,r25
 247 0044 00C0      		rjmp .L22
 248               		.cfi_endproc
 249               	.LFE4:
 251               		.section	.text.backlight_level,"ax",@progbits
 252               	.global	backlight_level
 254               	backlight_level:
 255               	.LVL12:
 256               	.LFB5:
  77:./tmk_core/common/backlight.c **** }
  78:./tmk_core/common/backlight.c **** 
  79:./tmk_core/common/backlight.c **** void backlight_level(uint8_t level)
  80:./tmk_core/common/backlight.c **** {
 257               		.loc 1 80 1 is_stmt 1 view -0
 258               		.cfi_startproc
 259               	/* prologue: function */
 260               	/* frame size = 0 */
 261               	/* stack size = 0 */
 262               	.L__stack_usage = 0
  81:./tmk_core/common/backlight.c ****     backlight_config.level ^= level;
 263               		.loc 1 81 5 view .LVU66
 264               		.loc 1 81 28 is_stmt 0 view .LVU67
 265 0000 9091 0000 		lds r25,backlight_config
 266 0004 292F      		mov r18,r25
 267 0006 2695      		lsr r18
 268 0008 2827      		eor r18,r24
 269 000a 220F      		lsl r18
 270 000c 9170      		andi r25,lo8(1)
 271 000e 922B      		or r25,r18
 272 0010 9093 0000 		sts backlight_config,r25
  82:./tmk_core/common/backlight.c ****     backlight_config.enable = !!backlight_config.level;
 273               		.loc 1 82 5 is_stmt 1 view .LVU68
 274               		.loc 1 82 31 is_stmt 0 view .LVU69
 275 0014 9E7F      		andi r25,lo8(-2)
 276 0016 21E0      		ldi r18,lo8(1)
 277 0018 01F4      		brne .L25
 278 001a 20E0      		ldi r18,0
 279               	.L25:
 280               		.loc 1 82 29 view .LVU70
 281 001c 8091 0000 		lds r24,backlight_config
 282               	.LVL13:
 283               		.loc 1 82 29 view .LVU71
 284 0020 20FB      		bst r18,0
 285 0022 80F9      		bld r24,0
 286 0024 8093 0000 		sts backlight_config,r24
  83:./tmk_core/common/backlight.c ****     eeconfig_update_backlight(backlight_config.raw);
 287               		.loc 1 83 5 is_stmt 1 view .LVU72
 288 0028 0E94 0000 		call eeconfig_update_backlight
 289               	.LVL14:
  84:./tmk_core/common/backlight.c ****     backlight_set(backlight_config.level);
 290               		.loc 1 84 5 view .LVU73
 291               		.loc 1 84 35 is_stmt 0 view .LVU74
 292 002c 8091 0000 		lds r24,backlight_config
 293               		.loc 1 84 5 view .LVU75
 294 0030 8695      		lsr r24
 295 0032 0C94 0000 		jmp backlight_set
 296               	.LVL15:
 297               		.cfi_endproc
 298               	.LFE5:
 300               		.section	.text.get_backlight_level,"ax",@progbits
 301               	.global	get_backlight_level
 303               	get_backlight_level:
 304               	.LFB6:
  85:./tmk_core/common/backlight.c **** }
  86:./tmk_core/common/backlight.c **** 
  87:./tmk_core/common/backlight.c **** uint8_t get_backlight_level(void)
  88:./tmk_core/common/backlight.c **** {
 305               		.loc 1 88 1 is_stmt 1 view -0
 306               		.cfi_startproc
 307               	/* prologue: function */
 308               	/* frame size = 0 */
 309               	/* stack size = 0 */
 310               	.L__stack_usage = 0
  89:./tmk_core/common/backlight.c ****     return backlight_config.level;
 311               		.loc 1 89 5 view .LVU77
 312               		.loc 1 89 28 is_stmt 0 view .LVU78
 313 0000 8091 0000 		lds r24,backlight_config
  90:./tmk_core/common/backlight.c **** }...
 314               		.loc 1 90 1 view .LVU79
 315 0004 8695      		lsr r24
 316               	/* epilogue start */
 317 0006 0895      		ret
 318               		.cfi_endproc
 319               	.LFE6:
 321               		.comm	backlight_config,1,1
 322               		.text
 323               	.Letext0:
 324               		.file 2 "./tmk_core/common/backlight.h"
 325               		.file 3 "/opt/homebrew/Cellar/avr-gcc@9/9.3.0_3/avr/include/stdint.h"
 326               		.file 4 "./tmk_core/common/debug.h"
 327               		.file 5 "./tmk_core/common/eeconfig.h"
DEFINED SYMBOLS
                            *ABS*:0000000000000000 backlight.c
/var/folders/0z/ym_gdwfd5tg7m49f_1nfh8300000gn/T//ccm5fzWJ.s:2      *ABS*:000000000000003e __SP_H__
/var/folders/0z/ym_gdwfd5tg7m49f_1nfh8300000gn/T//ccm5fzWJ.s:3      *ABS*:000000000000003d __SP_L__
/var/folders/0z/ym_gdwfd5tg7m49f_1nfh8300000gn/T//ccm5fzWJ.s:4      *ABS*:000000000000003f __SREG__
/var/folders/0z/ym_gdwfd5tg7m49f_1nfh8300000gn/T//ccm5fzWJ.s:5      *ABS*:0000000000000000 __tmp_reg__
/var/folders/0z/ym_gdwfd5tg7m49f_1nfh8300000gn/T//ccm5fzWJ.s:6      *ABS*:0000000000000001 __zero_reg__
/var/folders/0z/ym_gdwfd5tg7m49f_1nfh8300000gn/T//ccm5fzWJ.s:13     .text.backlight_init:0000000000000000 backlight_init
                            *COM*:0000000000000001 backlight_config
/var/folders/0z/ym_gdwfd5tg7m49f_1nfh8300000gn/T//ccm5fzWJ.s:57     .text.backlight_increase:0000000000000000 backlight_increase
/var/folders/0z/ym_gdwfd5tg7m49f_1nfh8300000gn/T//ccm5fzWJ.s:103    .text.backlight_decrease:0000000000000000 backlight_decrease
/var/folders/0z/ym_gdwfd5tg7m49f_1nfh8300000gn/T//ccm5fzWJ.s:152    .text.backlight_toggle:0000000000000000 backlight_toggle
/var/folders/0z/ym_gdwfd5tg7m49f_1nfh8300000gn/T//ccm5fzWJ.s:193    .text.backlight_step:0000000000000000 backlight_step
/var/folders/0z/ym_gdwfd5tg7m49f_1nfh8300000gn/T//ccm5fzWJ.s:254    .text.backlight_level:0000000000000000 backlight_level
/var/folders/0z/ym_gdwfd5tg7m49f_1nfh8300000gn/T//ccm5fzWJ.s:303    .text.get_backlight_level:0000000000000000 get_backlight_level

UNDEFINED SYMBOLS
eeconfig_is_enabled
eeconfig_init
eeconfig_read_backlight
backlight_set
eeconfig_update_backlight
__do_clear_bss
